Build started 10/21/2016 12:00:05.
     1>Project "F:\Development Robotics\KinectVision\KinectVision\KinectVision.vcxproj" on node 2 (Build target(s)).
     1>ClCompile:
         D:\musique\MSVS\VC\bin\x86_amd64\CL.exe /c /I..\..\opencv\build\include /ZI /nologo /W3 /WX- /sdl /Od /D _DEBUG /D _CONSOLE /D _UNICODE /D UNICODE /Gm /EHsc /RTC1 /MDd /GS /fp:precise /Zc:wchar_t /Zc:forScope /Zc:inline /Fo"x64\Debug\\" /Fd"x64\Debug\vc140.pdb" /Gd /TP /errorReport:prompt Pathfinding.cpp
         Pathfinding.cpp
     1>f:\development robotics\kinectvision\kinectvision\pathfinding.cpp(34): error C2061: syntax error: identifier 'AStarSearch'
     1>f:\development robotics\kinectvision\kinectvision\pathfinding.cpp(63): warning C4244: 'argument': conversion from 'int' to 'float', possible loss of data
     1>f:\development robotics\kinectvision\kinectvision\pathfinding.cpp(88): error C2065: 'KINECT_DATAX': undeclared identifier
     1>f:\development robotics\kinectvision\kinectvision\pathfinding.cpp(89): error C2065: 'KINECT_DATAY': undeclared identifier
     1>f:\development robotics\kinectvision\kinectvision\pathfinding.cpp(92): error C2065: 'KINECT_DATAX': undeclared identifier
     1>Done Building Project "F:\Development Robotics\KinectVision\KinectVision\KinectVision.vcxproj" (Build target(s)) -- FAILED.

Build FAILED.

Time Elapsed 00:00:01.52
